<?xml version="1.0" encoding="UTF-8"?>
<testsuite xmlns:xsi="http://www.w3.org/2001/XMLSchema-instance" xsi:noNamespaceSchemaLocation="https://maven.apache.org/surefire/maven-surefire-plugin/xsd/surefire-test-report-3.0.xsd" version="3.0" name="de.saxsys.mvvmfx.cdi.it.IntegrationTest" time="31.912" tests="1" errors="0" skipped="0" failures="1">
  <properties>
    <property name="java.specification.version" value="20"/>
    <property name="javafx.runtime.version" value="20.0.1+2"/>
    <property name="sun.cpu.isalist" value="amd64"/>
    <property name="sun.jnu.encoding" value="MS949"/>
    <property name="java.class.path" value="D:\DEV\my-data\my-data\root\mydata\target\test-classes;D:\DEV\my-data\my-data\root\mydata\target\classes;C:\Users\septb\.m2\repository\org\openjfx\javafx-controls\20\javafx-controls-20.jar;C:\Users\septb\.m2\repository\org\openjfx\javafx-controls\20\javafx-controls-20-win.jar;C:\Users\septb\.m2\repository\org\openjfx\javafx-graphics\20\javafx-graphics-20.jar;C:\Users\septb\.m2\repository\org\openjfx\javafx-graphics\20\javafx-graphics-20-win.jar;C:\Users\septb\.m2\repository\org\openjfx\javafx-base\20\javafx-base-20.jar;C:\Users\septb\.m2\repository\org\openjfx\javafx-base\20\javafx-base-20-win.jar;C:\Users\septb\.m2\repository\org\openjfx\javafx-fxml\20\javafx-fxml-20.jar;C:\Users\septb\.m2\repository\org\openjfx\javafx-fxml\20\javafx-fxml-20-win.jar;C:\Users\septb\.m2\repository\org\openjfx\javafx-swing\20\javafx-swing-20.jar;C:\Users\septb\.m2\repository\org\openjfx\javafx-swing\20\javafx-swing-20-win.jar;C:\Users\septb\.m2\repository\eu\lestard\assertj-javafx\0.3.0\assertj-javafx-0.3.0.jar;C:\Users\septb\.m2\repository\com\querydsl\querydsl-sql\5.0.0\querydsl-sql-5.0.0.jar;C:\Users\septb\.m2\repository\com\querydsl\querydsl-core\5.0.0\querydsl-core-5.0.0.jar;C:\Users\septb\.m2\repository\com\mysema\commons\mysema-commons-lang\0.2.4\mysema-commons-lang-0.2.4.jar;C:\Users\septb\.m2\repository\eu\lestard\advanced-bindings\0.4.0\advanced-bindings-0.4.0.jar;C:\Users\septb\.m2\repository\eu\lestard\doc-annotations\0.2\doc-annotations-0.2.jar;C:\Users\septb\.m2\repository\net\jodah\typetools\0.6.1\typetools-0.6.1.jar;C:\Users\septb\.m2\repository\org\slf4j\slf4j-api\1.7.12\slf4j-api-1.7.12.jar;C:\Users\septb\.m2\repository\org\assertj\assertj-core\1.7.1\assertj-core-1.7.1.jar;C:\Users\septb\.m2\repository\com\cedarsoft\commons\test-utils\6.1.1\test-utils-6.1.1.jar;C:\Users\septb\.m2\repository\com\cedarsoft\commons\xml-commons\6.1.1\xml-commons-6.1.1.jar;C:\Users\septb\.m2\repository\com\cedarsoft\commons\crypt\6.1.1\crypt-6.1.1.jar;C:\Users\septb\.m2\repository\commons-codec\commons-codec\1.10\commons-codec-1.10.jar;C:\Users\septb\.m2\repository\com\google\guava\guava\18.0\guava-18.0.jar;C:\Users\septb\.m2\repository\commons-lang\commons-lang\2.6\commons-lang-2.6.jar;C:\Users\septb\.m2\repository\org\mockito\mockito-core\2.0.5-beta\mockito-core-2.0.5-beta.jar;C:\Users\septb\.m2\repository\org\objenesis\objenesis\2.1\objenesis-2.1.jar;C:\Users\septb\.m2\repository\org\easytesting\fest-reflect\1.4.1\fest-reflect-1.4.1.jar;C:\Users\septb\.m2\repository\org\easytesting\fest-util\1.2.4\fest-util-1.2.4.jar;C:\Users\septb\.m2\repository\com\fasterxml\jackson\core\jackson-core\2.5.1\jackson-core-2.5.1.jar;C:\Users\septb\.m2\repository\com\fasterxml\jackson\core\jackson-databind\2.5.1\jackson-databind-2.5.1.jar;C:\Users\septb\.m2\repository\com\fasterxml\jackson\core\jackson-annotations\2.5.0\jackson-annotations-2.5.0.jar;C:\Users\septb\.m2\repository\xmlunit\xmlunit\1.6\xmlunit-1.6.jar;C:\Users\septb\.m2\repository\com\google\code\findbugs\jsr305\3.0.0\jsr305-3.0.0.jar;C:\Users\septb\.m2\repository\javax\inject\javax.inject\1\javax.inject-1.jar;C:\Users\septb\.m2\repository\org\controlsfx\controlsfx\8.40.12\controlsfx-8.40.12.jar;C:\Users\septb\.m2\repository\datalife\ds\ds-common\1.0-SNAPSHOT\ds-common-1.0-SNAPSHOT.jar;C:\Users\septb\.m2\repository\org\apache\commons\commons-lang3\3.8.1\commons-lang3-3.8.1.jar;C:\Users\septb\.m2\repository\commons-beanutils\commons-beanutils\1.9.4\commons-beanutils-1.9.4.jar;C:\Users\septb\.m2\repository\commons-logging\commons-logging\1.2\commons-logging-1.2.jar;C:\Users\septb\.m2\repository\commons-collections\commons-collections\3.2.2\commons-collections-3.2.2.jar;C:\Users\septb\.m2\repository\org\apache\commons\commons-text\1.8\commons-text-1.8.jar;C:\Users\septb\.m2\repository\org\apache\logging\log4j\log4j-core\2.19.0\log4j-core-2.19.0.jar;C:\Users\septb\.m2\repository\datalife\ds\ds-data-core\1.0-SNAPSHOT\ds-data-core-1.0-SNAPSHOT.jar;C:\Users\septb\.m2\repository\datalife\datalife-text\1.0-SNAPSHOT\datalife-text-1.0-SNAPSHOT.jar;C:\Users\septb\.m2\repository\com\googlecode\juniversalchardet\juniversalchardet\1.0.3\juniversalchardet-1.0.3.jar;C:\Users\septb\.m2\repository\org\hibernate\validator\hibernate-validator\8.0.1.Final\hibernate-validator-8.0.1.Final.jar;C:\Users\septb\.m2\repository\org\jboss\logging\jboss-logging\3.4.3.Final\jboss-logging-3.4.3.Final.jar;C:\Users\septb\.m2\repository\com\fasterxml\classmate\1.5.1\classmate-1.5.1.jar;C:\Users\septb\.m2\repository\org\hibernate\orm\hibernate-core\6.2.7.Final\hibernate-core-6.2.7.Final.jar;C:\Users\septb\.m2\repository\jakarta\persistence\jakarta.persistence-api\3.1.0\jakarta.persistence-api-3.1.0.jar;C:\Users\septb\.m2\repository\jakarta\transaction\jakarta.transaction-api\2.0.1\jakarta.transaction-api-2.0.1.jar;C:\Users\septb\.m2\repository\org\hibernate\common\hibernate-commons-annotations\6.0.6.Final\hibernate-commons-annotations-6.0.6.Final.jar;C:\Users\septb\.m2\repository\io\smallrye\jandex\3.0.5\jandex-3.0.5.jar;C:\Users\septb\.m2\repository\net\bytebuddy\byte-buddy\1.12.18\byte-buddy-1.12.18.jar;C:\Users\septb\.m2\repository\jakarta\xml\bind\jakarta.xml.bind-api\4.0.0\jakarta.xml.bind-api-4.0.0.jar;C:\Users\septb\.m2\repository\jakarta\activation\jakarta.activation-api\2.1.0\jakarta.activation-api-2.1.0.jar;C:\Users\septb\.m2\repository\org\glassfish\jaxb\jaxb-runtime\4.0.2\jaxb-runtime-4.0.2.jar;C:\Users\septb\.m2\repository\org\glassfish\jaxb\jaxb-core\4.0.2\jaxb-core-4.0.2.jar;C:\Users\septb\.m2\repository\org\eclipse\angus\angus-activation\2.0.0\angus-activation-2.0.0.jar;C:\Users\septb\.m2\repository\org\glassfish\jaxb\txw2\4.0.2\txw2-4.0.2.jar;C:\Users\septb\.m2\repository\com\sun\istack\istack-commons-runtime\4.1.1\istack-commons-runtime-4.1.1.jar;C:\Users\septb\.m2\repository\org\antlr\antlr4-runtime\4.10.1\antlr4-runtime-4.10.1.jar;C:\Users\septb\.m2\repository\com\oracle\database\jdbc\ojdbc8\23.2.0.0\ojdbc8-23.2.0.0.jar;C:\Users\septb\.m2\repository\com\querydsl\querydsl-jpa\5.0.0\querydsl-jpa-5.0.0-jakarta.jar;C:\Users\septb\.m2\repository\org\freemarker\freemarker\2.3.32\freemarker-2.3.32.jar;C:\Users\septb\.m2\repository\org\apache\poi\poi\5.2.3\poi-5.2.3.jar;C:\Users\septb\.m2\repository\org\apache\commons\commons-collections4\4.4\commons-collections4-4.4.jar;C:\Users\septb\.m2\repository\org\apache\commons\commons-math3\3.6.1\commons-math3-3.6.1.jar;C:\Users\septb\.m2\repository\com\zaxxer\SparseBitSet\1.2\SparseBitSet-1.2.jar;C:\Users\septb\.m2\repository\org\apache\poi\poi-ooxml\5.2.3\poi-ooxml-5.2.3.jar;C:\Users\septb\.m2\repository\org\apache\poi\poi-ooxml-lite\5.2.3\poi-ooxml-lite-5.2.3.jar;C:\Users\septb\.m2\repository\org\apache\xmlbeans\xmlbeans\5.1.1\xmlbeans-5.1.1.jar;C:\Users\septb\.m2\repository\org\apache\commons\commons-compress\1.21\commons-compress-1.21.jar;C:\Users\septb\.m2\repository\com\github\virtuald\curvesapi\1.07\curvesapi-1.07.jar;C:\Users\septb\.m2\repository\datalife\ds\ds-ui\1.0-SNAPSHOT\ds-ui-1.0-SNAPSHOT.jar;C:\Users\septb\.m2\repository\datalife\ds\ds-sqlite\1.0-SNAPSHOT\ds-sqlite-1.0-SNAPSHOT.jar;C:\Users\septb\.m2\repository\org\xerial\sqlite-jdbc\3.41.2.1\sqlite-jdbc-3.41.2.1.jar;C:\Users\septb\.m2\repository\org\hibernate\orm\hibernate-community-dialects\6.2.7.Final\hibernate-community-dialects-6.2.7.Final.jar;C:\Users\septb\.m2\repository\datalife\ds\ds-condition\1.0-SNAPSHOT\ds-condition-1.0-SNAPSHOT.jar;C:\Users\septb\.m2\repository\datalife\ds\ehr-code\1.0-SNAPSHOT\ehr-code-1.0-SNAPSHOT.jar;C:\Users\septb\.m2\repository\datalife\ds\ehr-querydsl\1.0-SNAPSHOT\ehr-querydsl-1.0-SNAPSHOT.jar;C:\Users\septb\.m2\repository\com\tibero\tibero6-jdbc\6\tibero6-jdbc-6.jar;C:\Users\septb\.m2\repository\joda-time\joda-time\2.8.1\joda-time-2.8.1.jar;C:\Users\septb\.m2\repository\datalife\ds\ehr-dao\1.0-SNAPSHOT\ehr-dao-1.0-SNAPSHOT.jar;C:\Users\septb\.m2\repository\org\apache\logging\log4j\log4j-api\2.19.0\log4j-api-2.19.0.jar;C:\Users\septb\.m2\repository\datalife\ds\ehr-meta-dao\1.0-SNAPSHOT\ehr-meta-dao-1.0-SNAPSHOT.jar;C:\Users\septb\.m2\repository\datalife\ds\ehr-meta\1.0-SNAPSHOT\ehr-meta-1.0-SNAPSHOT.jar;C:\Users\septb\.m2\repository\datalife\ds\ds-task\1.0-SNAPSHOT\ds-task-1.0-SNAPSHOT.jar;C:\Users\septb\.m2\repository\datalife\ds\ehr-function\1.0-SNAPSHOT\ehr-function-1.0-SNAPSHOT.jar;C:\Users\septb\.m2\repository\datalife\ds\ehr-research\1.0-SNAPSHOT\ehr-research-1.0-SNAPSHOT.jar;C:\Users\septb\.m2\repository\org\datanucleus\datanucleus-api-jdo\5.0.8\datanucleus-api-jdo-5.0.8.jar;C:\Users\septb\.m2\repository\org\datanucleus\datanucleus-core\5.0.8\datanucleus-core-5.0.8.jar;C:\Users\septb\.m2\repository\org\datanucleus\datanucleus-rdbms\5.0.8\datanucleus-rdbms-5.0.8.jar;C:\Users\septb\.m2\repository\org\datanucleus\javax.jdo\3.2.0-m6\javax.jdo-3.2.0-m6.jar;C:\Users\septb\.m2\repository\javax\transaction\transaction-api\1.1\transaction-api-1.1.jar;C:\Users\septb\.m2\repository\org\jboss\weld\se\weld-se-core\5.1.1.Final\weld-se-core-5.1.1.Final.jar;C:\Users\septb\.m2\repository\org\jboss\weld\environment\weld-environment-common\5.1.1.Final\weld-environment-common-5.1.1.Final.jar;C:\Users\septb\.m2\repository\org\jboss\weld\weld-core-impl\5.1.1.Final\weld-core-impl-5.1.1.Final.jar;C:\Users\septb\.m2\repository\org\jboss\weld\weld-api\5.0.SP3\weld-api-5.0.SP3.jar;C:\Users\septb\.m2\repository\org\jboss\weld\weld-spi\5.0.SP3\weld-spi-5.0.SP3.jar;C:\Users\septb\.m2\repository\org\jboss\weld\weld-lite-extension-translator\5.1.1.Final\weld-lite-extension-translator-5.1.1.Final.jar;C:\Users\septb\.m2\repository\org\jboss\logging\jboss-logging-processor\2.2.1.Final\jboss-logging-processor-2.2.1.Final.jar;C:\Users\septb\.m2\repository\org\jboss\logging\jboss-logging-annotations\2.2.1.Final\jboss-logging-annotations-2.2.1.Final.jar;C:\Users\septb\.m2\repository\org\jboss\jdeparser\jdeparser\2.0.3.Final\jdeparser-2.0.3.Final.jar;C:\Users\septb\.m2\repository\org\jboss\classfilewriter\jboss-classfilewriter\1.3.0.Final\jboss-classfilewriter-1.3.0.Final.jar;C:\Users\septb\.m2\repository\jakarta\enterprise\jakarta.enterprise.cdi-api\4.0.1\jakarta.enterprise.cdi-api-4.0.1.jar;C:\Users\septb\.m2\repository\jakarta\enterprise\jakarta.enterprise.lang-model\4.0.1\jakarta.enterprise.lang-model-4.0.1.jar;C:\Users\septb\.m2\repository\jakarta\annotation\jakarta.annotation-api\2.1.0\jakarta.annotation-api-2.1.0.jar;C:\Users\septb\.m2\repository\jakarta\el\jakarta.el-api\5.0.0\jakarta.el-api-5.0.0.jar;C:\Users\septb\.m2\repository\jakarta\interceptor\jakarta.interceptor-api\2.1.0\jakarta.interceptor-api-2.1.0.jar;C:\Users\septb\.m2\repository\jakarta\inject\jakarta.inject-api\2.0.1\jakarta.inject-api-2.0.1.jar;C:\Users\septb\.m2\repository\jakarta\validation\jakarta.validation-api\3.0.2\jakarta.validation-api-3.0.2.jar;C:\Users\septb\.m2\repository\commons-io\commons-io\2.13.0\commons-io-2.13.0.jar;C:\Users\septb\.m2\repository\junit\junit\4.12\junit-4.12.jar;C:\Users\septb\.m2\repository\org\hamcrest\hamcrest-core\1.3\hamcrest-core-1.3.jar;C:\Users\septb\.m2\repository\org\junit\jupiter\junit-jupiter-api\5.9.3\junit-jupiter-api-5.9.3.jar;C:\Users\septb\.m2\repository\org\opentest4j\opentest4j\1.2.0\opentest4j-1.2.0.jar;C:\Users\septb\.m2\repository\org\junit\platform\junit-platform-commons\1.9.3\junit-platform-commons-1.9.3.jar;C:\Users\septb\.m2\repository\org\apiguardian\apiguardian-api\1.1.2\apiguardian-api-1.1.2.jar;C:\Users\septb\.m2\repository\org\junit\jupiter\junit-jupiter-engine\5.9.3\junit-jupiter-engine-5.9.3.jar;C:\Users\septb\.m2\repository\org\junit\platform\junit-platform-engine\1.9.3\junit-platform-engine-1.9.3.jar;C:\Users\septb\.m2\repository\org\jboss\weld\weld-junit5\4.0.0.Final\weld-junit5-4.0.0.Final.jar;C:\Users\septb\.m2\repository\org\jboss\weld\weld-junit-common\4.0.0.Final\weld-junit-common-4.0.0.Final.jar;C:\Users\septb\.m2\repository\com\github\spotbugs\spotbugs-annotations\4.6.0\spotbugs-annotations-4.6.0.jar;C:\Users\septb\.m2\repository\org\mockito\mockito-all\1.10.19\mockito-all-1.10.19.jar;"/>
    <property name="java.vm.vendor" value="Eclipse Adoptium"/>
    <property name="sun.arch.data.model" value="64"/>
    <property name="user.variant" value=""/>
    <property name="java.vendor.url" value="https://adoptium.net/"/>
    <property name="user.timezone" value="Asia/Seoul"/>
    <property name="javafx.version" value="20.0.1"/>
    <property name="os.name" value="Windows 10"/>
    <property name="java.vm.specification.version" value="20"/>
    <property name="sun.java.launcher" value="SUN_STANDARD"/>
    <property name="user.country" value="KR"/>
    <property name="sun.boot.library.path" value="C:\Users\septb\.p2\pool\plugins\org.eclipse.justj.openjdk.hotspot.jre.full.win32.x86_64_20.0.1.v20230425-1611\jre\bin"/>
    <property name="sun.java.command" value="C:\Users\septb\AppData\Local\Temp\surefire11785967410921279291\surefirebooter-20230815213903372_3.jar C:\Users\septb\AppData\Local\Temp\surefire11785967410921279291 2023-08-15T21-39-03_247-jvmRun1 surefire-20230815213903372_1tmp surefire_0-20230815213903372_2tmp"/>
    <property name="jdk.debug" value="release"/>
    <property name="surefire.test.class.path" value="D:\DEV\my-data\my-data\root\mydata\target\test-classes;D:\DEV\my-data\my-data\root\mydata\target\classes;C:\Users\septb\.m2\repository\org\openjfx\javafx-controls\20\javafx-controls-20.jar;C:\Users\septb\.m2\repository\org\openjfx\javafx-controls\20\javafx-controls-20-win.jar;C:\Users\septb\.m2\repository\org\openjfx\javafx-graphics\20\javafx-graphics-20.jar;C:\Users\septb\.m2\repository\org\openjfx\javafx-graphics\20\javafx-graphics-20-win.jar;C:\Users\septb\.m2\repository\org\openjfx\javafx-base\20\javafx-base-20.jar;C:\Users\septb\.m2\repository\org\openjfx\javafx-base\20\javafx-base-20-win.jar;C:\Users\septb\.m2\repository\org\openjfx\javafx-fxml\20\javafx-fxml-20.jar;C:\Users\septb\.m2\repository\org\openjfx\javafx-fxml\20\javafx-fxml-20-win.jar;C:\Users\septb\.m2\repository\org\openjfx\javafx-swing\20\javafx-swing-20.jar;C:\Users\septb\.m2\repository\org\openjfx\javafx-swing\20\javafx-swing-20-win.jar;C:\Users\septb\.m2\repository\eu\lestard\assertj-javafx\0.3.0\assertj-javafx-0.3.0.jar;C:\Users\septb\.m2\repository\com\querydsl\querydsl-sql\5.0.0\querydsl-sql-5.0.0.jar;C:\Users\septb\.m2\repository\com\querydsl\querydsl-core\5.0.0\querydsl-core-5.0.0.jar;C:\Users\septb\.m2\repository\com\mysema\commons\mysema-commons-lang\0.2.4\mysema-commons-lang-0.2.4.jar;C:\Users\septb\.m2\repository\eu\lestard\advanced-bindings\0.4.0\advanced-bindings-0.4.0.jar;C:\Users\septb\.m2\repository\eu\lestard\doc-annotations\0.2\doc-annotations-0.2.jar;C:\Users\septb\.m2\repository\net\jodah\typetools\0.6.1\typetools-0.6.1.jar;C:\Users\septb\.m2\repository\org\slf4j\slf4j-api\1.7.12\slf4j-api-1.7.12.jar;C:\Users\septb\.m2\repository\org\assertj\assertj-core\1.7.1\assertj-core-1.7.1.jar;C:\Users\septb\.m2\repository\com\cedarsoft\commons\test-utils\6.1.1\test-utils-6.1.1.jar;C:\Users\septb\.m2\repository\com\cedarsoft\commons\xml-commons\6.1.1\xml-commons-6.1.1.jar;C:\Users\septb\.m2\repository\com\cedarsoft\commons\crypt\6.1.1\crypt-6.1.1.jar;C:\Users\septb\.m2\repository\commons-codec\commons-codec\1.10\commons-codec-1.10.jar;C:\Users\septb\.m2\repository\com\google\guava\guava\18.0\guava-18.0.jar;C:\Users\septb\.m2\repository\commons-lang\commons-lang\2.6\commons-lang-2.6.jar;C:\Users\septb\.m2\repository\org\mockito\mockito-core\2.0.5-beta\mockito-core-2.0.5-beta.jar;C:\Users\septb\.m2\repository\org\objenesis\objenesis\2.1\objenesis-2.1.jar;C:\Users\septb\.m2\repository\org\easytesting\fest-reflect\1.4.1\fest-reflect-1.4.1.jar;C:\Users\septb\.m2\repository\org\easytesting\fest-util\1.2.4\fest-util-1.2.4.jar;C:\Users\septb\.m2\repository\com\fasterxml\jackson\core\jackson-core\2.5.1\jackson-core-2.5.1.jar;C:\Users\septb\.m2\repository\com\fasterxml\jackson\core\jackson-databind\2.5.1\jackson-databind-2.5.1.jar;C:\Users\septb\.m2\repository\com\fasterxml\jackson\core\jackson-annotations\2.5.0\jackson-annotations-2.5.0.jar;C:\Users\septb\.m2\repository\xmlunit\xmlunit\1.6\xmlunit-1.6.jar;C:\Users\septb\.m2\repository\com\google\code\findbugs\jsr305\3.0.0\jsr305-3.0.0.jar;C:\Users\septb\.m2\repository\javax\inject\javax.inject\1\javax.inject-1.jar;C:\Users\septb\.m2\repository\org\controlsfx\controlsfx\8.40.12\controlsfx-8.40.12.jar;C:\Users\septb\.m2\repository\datalife\ds\ds-common\1.0-SNAPSHOT\ds-common-1.0-SNAPSHOT.jar;C:\Users\septb\.m2\repository\org\apache\commons\commons-lang3\3.8.1\commons-lang3-3.8.1.jar;C:\Users\septb\.m2\repository\commons-beanutils\commons-beanutils\1.9.4\commons-beanutils-1.9.4.jar;C:\Users\septb\.m2\repository\commons-logging\commons-logging\1.2\commons-logging-1.2.jar;C:\Users\septb\.m2\repository\commons-collections\commons-collections\3.2.2\commons-collections-3.2.2.jar;C:\Users\septb\.m2\repository\org\apache\commons\commons-text\1.8\commons-text-1.8.jar;C:\Users\septb\.m2\repository\org\apache\logging\log4j\log4j-core\2.19.0\log4j-core-2.19.0.jar;C:\Users\septb\.m2\repository\datalife\ds\ds-data-core\1.0-SNAPSHOT\ds-data-core-1.0-SNAPSHOT.jar;C:\Users\septb\.m2\repository\datalife\datalife-text\1.0-SNAPSHOT\datalife-text-1.0-SNAPSHOT.jar;C:\Users\septb\.m2\repository\com\googlecode\juniversalchardet\juniversalchardet\1.0.3\juniversalchardet-1.0.3.jar;C:\Users\septb\.m2\repository\org\hibernate\validator\hibernate-validator\8.0.1.Final\hibernate-validator-8.0.1.Final.jar;C:\Users\septb\.m2\repository\org\jboss\logging\jboss-logging\3.4.3.Final\jboss-logging-3.4.3.Final.jar;C:\Users\septb\.m2\repository\com\fasterxml\classmate\1.5.1\classmate-1.5.1.jar;C:\Users\septb\.m2\repository\org\hibernate\orm\hibernate-core\6.2.7.Final\hibernate-core-6.2.7.Final.jar;C:\Users\septb\.m2\repository\jakarta\persistence\jakarta.persistence-api\3.1.0\jakarta.persistence-api-3.1.0.jar;C:\Users\septb\.m2\repository\jakarta\transaction\jakarta.transaction-api\2.0.1\jakarta.transaction-api-2.0.1.jar;C:\Users\septb\.m2\repository\org\hibernate\common\hibernate-commons-annotations\6.0.6.Final\hibernate-commons-annotations-6.0.6.Final.jar;C:\Users\septb\.m2\repository\io\smallrye\jandex\3.0.5\jandex-3.0.5.jar;C:\Users\septb\.m2\repository\net\bytebuddy\byte-buddy\1.12.18\byte-buddy-1.12.18.jar;C:\Users\septb\.m2\repository\jakarta\xml\bind\jakarta.xml.bind-api\4.0.0\jakarta.xml.bind-api-4.0.0.jar;C:\Users\septb\.m2\repository\jakarta\activation\jakarta.activation-api\2.1.0\jakarta.activation-api-2.1.0.jar;C:\Users\septb\.m2\repository\org\glassfish\jaxb\jaxb-runtime\4.0.2\jaxb-runtime-4.0.2.jar;C:\Users\septb\.m2\repository\org\glassfish\jaxb\jaxb-core\4.0.2\jaxb-core-4.0.2.jar;C:\Users\septb\.m2\repository\org\eclipse\angus\angus-activation\2.0.0\angus-activation-2.0.0.jar;C:\Users\septb\.m2\repository\org\glassfish\jaxb\txw2\4.0.2\txw2-4.0.2.jar;C:\Users\septb\.m2\repository\com\sun\istack\istack-commons-runtime\4.1.1\istack-commons-runtime-4.1.1.jar;C:\Users\septb\.m2\repository\org\antlr\antlr4-runtime\4.10.1\antlr4-runtime-4.10.1.jar;C:\Users\septb\.m2\repository\com\oracle\database\jdbc\ojdbc8\23.2.0.0\ojdbc8-23.2.0.0.jar;C:\Users\septb\.m2\repository\com\querydsl\querydsl-jpa\5.0.0\querydsl-jpa-5.0.0-jakarta.jar;C:\Users\septb\.m2\repository\org\freemarker\freemarker\2.3.32\freemarker-2.3.32.jar;C:\Users\septb\.m2\repository\org\apache\poi\poi\5.2.3\poi-5.2.3.jar;C:\Users\septb\.m2\repository\org\apache\commons\commons-collections4\4.4\commons-collections4-4.4.jar;C:\Users\septb\.m2\repository\org\apache\commons\commons-math3\3.6.1\commons-math3-3.6.1.jar;C:\Users\septb\.m2\repository\com\zaxxer\SparseBitSet\1.2\SparseBitSet-1.2.jar;C:\Users\septb\.m2\repository\org\apache\poi\poi-ooxml\5.2.3\poi-ooxml-5.2.3.jar;C:\Users\septb\.m2\repository\org\apache\poi\poi-ooxml-lite\5.2.3\poi-ooxml-lite-5.2.3.jar;C:\Users\septb\.m2\repository\org\apache\xmlbeans\xmlbeans\5.1.1\xmlbeans-5.1.1.jar;C:\Users\septb\.m2\repository\org\apache\commons\commons-compress\1.21\commons-compress-1.21.jar;C:\Users\septb\.m2\repository\com\github\virtuald\curvesapi\1.07\curvesapi-1.07.jar;C:\Users\septb\.m2\repository\datalife\ds\ds-ui\1.0-SNAPSHOT\ds-ui-1.0-SNAPSHOT.jar;C:\Users\septb\.m2\repository\datalife\ds\ds-sqlite\1.0-SNAPSHOT\ds-sqlite-1.0-SNAPSHOT.jar;C:\Users\septb\.m2\repository\org\xerial\sqlite-jdbc\3.41.2.1\sqlite-jdbc-3.41.2.1.jar;C:\Users\septb\.m2\repository\org\hibernate\orm\hibernate-community-dialects\6.2.7.Final\hibernate-community-dialects-6.2.7.Final.jar;C:\Users\septb\.m2\repository\datalife\ds\ds-condition\1.0-SNAPSHOT\ds-condition-1.0-SNAPSHOT.jar;C:\Users\septb\.m2\repository\datalife\ds\ehr-code\1.0-SNAPSHOT\ehr-code-1.0-SNAPSHOT.jar;C:\Users\septb\.m2\repository\datalife\ds\ehr-querydsl\1.0-SNAPSHOT\ehr-querydsl-1.0-SNAPSHOT.jar;C:\Users\septb\.m2\repository\com\tibero\tibero6-jdbc\6\tibero6-jdbc-6.jar;C:\Users\septb\.m2\repository\joda-time\joda-time\2.8.1\joda-time-2.8.1.jar;C:\Users\septb\.m2\repository\datalife\ds\ehr-dao\1.0-SNAPSHOT\ehr-dao-1.0-SNAPSHOT.jar;C:\Users\septb\.m2\repository\org\apache\logging\log4j\log4j-api\2.19.0\log4j-api-2.19.0.jar;C:\Users\septb\.m2\repository\datalife\ds\ehr-meta-dao\1.0-SNAPSHOT\ehr-meta-dao-1.0-SNAPSHOT.jar;C:\Users\septb\.m2\repository\datalife\ds\ehr-meta\1.0-SNAPSHOT\ehr-meta-1.0-SNAPSHOT.jar;C:\Users\septb\.m2\repository\datalife\ds\ds-task\1.0-SNAPSHOT\ds-task-1.0-SNAPSHOT.jar;C:\Users\septb\.m2\repository\datalife\ds\ehr-function\1.0-SNAPSHOT\ehr-function-1.0-SNAPSHOT.jar;C:\Users\septb\.m2\repository\datalife\ds\ehr-research\1.0-SNAPSHOT\ehr-research-1.0-SNAPSHOT.jar;C:\Users\septb\.m2\repository\org\datanucleus\datanucleus-api-jdo\5.0.8\datanucleus-api-jdo-5.0.8.jar;C:\Users\septb\.m2\repository\org\datanucleus\datanucleus-core\5.0.8\datanucleus-core-5.0.8.jar;C:\Users\septb\.m2\repository\org\datanucleus\datanucleus-rdbms\5.0.8\datanucleus-rdbms-5.0.8.jar;C:\Users\septb\.m2\repository\org\datanucleus\javax.jdo\3.2.0-m6\javax.jdo-3.2.0-m6.jar;C:\Users\septb\.m2\repository\javax\transaction\transaction-api\1.1\transaction-api-1.1.jar;C:\Users\septb\.m2\repository\org\jboss\weld\se\weld-se-core\5.1.1.Final\weld-se-core-5.1.1.Final.jar;C:\Users\septb\.m2\repository\org\jboss\weld\environment\weld-environment-common\5.1.1.Final\weld-environment-common-5.1.1.Final.jar;C:\Users\septb\.m2\repository\org\jboss\weld\weld-core-impl\5.1.1.Final\weld-core-impl-5.1.1.Final.jar;C:\Users\septb\.m2\repository\org\jboss\weld\weld-api\5.0.SP3\weld-api-5.0.SP3.jar;C:\Users\septb\.m2\repository\org\jboss\weld\weld-spi\5.0.SP3\weld-spi-5.0.SP3.jar;C:\Users\septb\.m2\repository\org\jboss\weld\weld-lite-extension-translator\5.1.1.Final\weld-lite-extension-translator-5.1.1.Final.jar;C:\Users\septb\.m2\repository\org\jboss\logging\jboss-logging-processor\2.2.1.Final\jboss-logging-processor-2.2.1.Final.jar;C:\Users\septb\.m2\repository\org\jboss\logging\jboss-logging-annotations\2.2.1.Final\jboss-logging-annotations-2.2.1.Final.jar;C:\Users\septb\.m2\repository\org\jboss\jdeparser\jdeparser\2.0.3.Final\jdeparser-2.0.3.Final.jar;C:\Users\septb\.m2\repository\org\jboss\classfilewriter\jboss-classfilewriter\1.3.0.Final\jboss-classfilewriter-1.3.0.Final.jar;C:\Users\septb\.m2\repository\jakarta\enterprise\jakarta.enterprise.cdi-api\4.0.1\jakarta.enterprise.cdi-api-4.0.1.jar;C:\Users\septb\.m2\repository\jakarta\enterprise\jakarta.enterprise.lang-model\4.0.1\jakarta.enterprise.lang-model-4.0.1.jar;C:\Users\septb\.m2\repository\jakarta\annotation\jakarta.annotation-api\2.1.0\jakarta.annotation-api-2.1.0.jar;C:\Users\septb\.m2\repository\jakarta\el\jakarta.el-api\5.0.0\jakarta.el-api-5.0.0.jar;C:\Users\septb\.m2\repository\jakarta\interceptor\jakarta.interceptor-api\2.1.0\jakarta.interceptor-api-2.1.0.jar;C:\Users\septb\.m2\repository\jakarta\inject\jakarta.inject-api\2.0.1\jakarta.inject-api-2.0.1.jar;C:\Users\septb\.m2\repository\jakarta\validation\jakarta.validation-api\3.0.2\jakarta.validation-api-3.0.2.jar;C:\Users\septb\.m2\repository\commons-io\commons-io\2.13.0\commons-io-2.13.0.jar;C:\Users\septb\.m2\repository\junit\junit\4.12\junit-4.12.jar;C:\Users\septb\.m2\repository\org\hamcrest\hamcrest-core\1.3\hamcrest-core-1.3.jar;C:\Users\septb\.m2\repository\org\junit\jupiter\junit-jupiter-api\5.9.3\junit-jupiter-api-5.9.3.jar;C:\Users\septb\.m2\repository\org\opentest4j\opentest4j\1.2.0\opentest4j-1.2.0.jar;C:\Users\septb\.m2\repository\org\junit\platform\junit-platform-commons\1.9.3\junit-platform-commons-1.9.3.jar;C:\Users\septb\.m2\repository\org\apiguardian\apiguardian-api\1.1.2\apiguardian-api-1.1.2.jar;C:\Users\septb\.m2\repository\org\junit\jupiter\junit-jupiter-engine\5.9.3\junit-jupiter-engine-5.9.3.jar;C:\Users\septb\.m2\repository\org\junit\platform\junit-platform-engine\1.9.3\junit-platform-engine-1.9.3.jar;C:\Users\septb\.m2\repository\org\jboss\weld\weld-junit5\4.0.0.Final\weld-junit5-4.0.0.Final.jar;C:\Users\septb\.m2\repository\org\jboss\weld\weld-junit-common\4.0.0.Final\weld-junit-common-4.0.0.Final.jar;C:\Users\septb\.m2\repository\com\github\spotbugs\spotbugs-annotations\4.6.0\spotbugs-annotations-4.6.0.jar;C:\Users\septb\.m2\repository\org\mockito\mockito-all\1.10.19\mockito-all-1.10.19.jar;"/>
    <property name="sun.cpu.endian" value="little"/>
    <property name="user.home" value="C:\Users\septb"/>
    <property name="user.language" value="ko"/>
    <property name="java.specification.vendor" value="Oracle Corporation"/>
    <property name="jdk.module.path" value="D:\DEV\my-data\javafx-sdk-20.0.1\lib"/>
    <property name="java.version.date" value="2023-04-18"/>
    <property name="java.home" value="C:\Users\septb\.p2\pool\plugins\org.eclipse.justj.openjdk.hotspot.jre.full.win32.x86_64_20.0.1.v20230425-1611\jre"/>
    <property name="file.separator" value="\"/>
    <property name="basedir" value="D:\DEV\my-data\my-data\root\mydata"/>
    <property name="style.color" value="always"/>
    <property name="java.vm.compressedOopsMode" value="Zero based"/>
    <property name="line.separator" value="&#10;"/>
    <property name="java.vm.specification.vendor" value="Oracle Corporation"/>
    <property name="java.specification.name" value="Java Platform API Specification"/>
    <property name="surefire.real.class.path" value="C:\Users\septb\AppData\Local\Temp\surefire11785967410921279291\surefirebooter-20230815213903372_3.jar"/>
    <property name="user.script" value=""/>
    <property name="sun.management.compiler" value="HotSpot 64-Bit Tiered Compilers"/>
    <property name="java.runtime.version" value="20.0.1+9"/>
    <property name="user.name" value="septb"/>
    <property name="stdout.encoding" value="MS949"/>
    <property name="path.separator" value=";"/>
    <property name="os.version" value="10.0"/>
    <property name="java.runtime.name" value="OpenJDK Runtime Environment"/>
    <property name="file.encoding" value="UTF-8"/>
    <property name="java.vm.name" value="OpenJDK 64-Bit Server VM"/>
    <property name="java.vendor.version" value="Temurin-20.0.1+9"/>
    <property name="localRepository" value="C:\Users\septb\.m2\repository"/>
    <property name="java.vendor.url.bug" value="https://github.com/adoptium/adoptium-support/issues"/>
    <property name="java.io.tmpdir" value="C:\Users\septb\AppData\Local\Temp\"/>
    <property name="java.version" value="20.0.1"/>
    <property name="user.dir" value="D:\DEV\my-data\my-data\root\mydata"/>
    <property name="os.arch" value="amd64"/>
    <property name="java.vm.specification.name" value="Java Virtual Machine Specification"/>
    <property name="sun.os.patch.level" value=""/>
    <property name="native.encoding" value="MS949"/>
    <property name="java.library.path" value="C:\Users\septb\.p2\pool\plugins\org.eclipse.justj.openjdk.hotspot.jre.full.win32.x86_64_20.0.1.v20230425-1611\jre\bin;C:\Windows\Sun\Java\bin;C:\Windows\system32;C:\Windows;C:\Users\septb\.p2\pool\plugins\org.eclipse.justj.openjdk.hotspot.jre.full.win32.x86_64_20.0.1.v20230425-1611\jre\bin;C:/Users/septb/.p2/pool/plugins/org.eclipse.justj.openjdk.hotspot.jre.full.win32.x86_64_20.0.1.v20230425-1611/jre/bin/server;C:/Users/septb/.p2/pool/plugins/org.eclipse.justj.openjdk.hotspot.jre.full.win32.x86_64_20.0.1.v20230425-1611/jre/bin;C:\Program Files (x86)\NAT Service;D:\app\septb\product\11.2.0\client_1\bin;D:\app\septb\product\11.2.0\client_1;C:\Windows\system32;C:\Windows;C:\Windows\System32\Wbem;C:\Windows\System32\WindowsPowerShell\v1.0\;C:\Windows\System32\OpenSSH\;C:\Program Files\TortoiseGit\bin;d:\DEV\apache-maven-3.8.1\bin;C:\Program Files\dotnet\;C:\Users\septb\AppData\Local\Microsoft\WindowsApps;c:\SHIS\zulu8.40.0.25-ca-jdk8.0.222-win_x64\bin;c:\SHIS\apache-ant-1.10.10\bin;C:\TmaxData\tibero6\bin;C:\TmaxData\tibero6\client\bin;C:\Program Files\Git\cmd;C:\Users\septb\AppData\Local\Microsoft\WindowsApps;c:\SHIS\zulu8.40.0.25-ca-jdk8.0.222-win_x64\bin;c:\SHIS\apache-ant-1.10.10\bin;C:\Users\septb\AppData\Local\GitHubDesktop\bin;D:\DEV\my-data\eclipse2023.06;;."/>
    <property name="java.vm.info" value="mixed mode"/>
    <property name="stderr.encoding" value="MS949"/>
    <property name="java.vendor" value="Eclipse Adoptium"/>
    <property name="java.vm.version" value="20.0.1+9"/>
    <property name="sun.io.unicode.encoding" value="UnicodeLittle"/>
    <property name="java.class.version" value="64.0"/>
  </properties>
  <testcase name="test" classname="de.saxsys.mvvmfx.cdi.it.IntegrationTest" time="31.9">
    <failure message="&#10;Expecting actual not to be null" type="java.lang.AssertionError"><![CDATA[java.lang.AssertionError: 

Expecting actual not to be null
	at de.saxsys.mvvmfx.cdi.it.IntegrationTest.test(IntegrationTest.java:44)
	at java.base/jdk.internal.reflect.DirectMethodHandleAccessor.invoke(DirectMethodHandleAccessor.java:104)
	at java.base/java.lang.reflect.Method.invoke(Method.java:578)
	at org.junit.platform.commons.util.ReflectionUtils.invokeMethod(ReflectionUtils.java:727)
	at org.junit.jupiter.engine.execution.MethodInvocation.proceed(MethodInvocation.java:60)
	at org.junit.jupiter.engine.execution.InvocationInterceptorChain$ValidatingInvocation.proceed(InvocationInterceptorChain.java:131)
	at org.junit.jupiter.engine.extension.TimeoutExtension.intercept(TimeoutExtension.java:156)
	at org.junit.jupiter.engine.extension.TimeoutExtension.interceptTestableMethod(TimeoutExtension.java:147)
	at org.junit.jupiter.engine.extension.TimeoutExtension.interceptTestMethod(TimeoutExtension.java:86)
	at org.junit.jupiter.engine.execution.InterceptingExecutableInvoker$ReflectiveInterceptorCall.lambda$ofVoidMethod$0(InterceptingExecutableInvoker.java:103)
	at org.junit.jupiter.engine.execution.InterceptingExecutableInvoker.lambda$invoke$0(InterceptingExecutableInvoker.java:93)
	at org.junit.jupiter.engine.execution.InvocationInterceptorChain$InterceptedInvocation.proceed(InvocationInterceptorChain.java:106)
	at org.junit.jupiter.engine.execution.InvocationInterceptorChain.proceed(InvocationInterceptorChain.java:64)
	at org.junit.jupiter.engine.execution.InvocationInterceptorChain.chainAndInvoke(InvocationInterceptorChain.java:45)
	at org.junit.jupiter.engine.execution.InvocationInterceptorChain.invoke(InvocationInterceptorChain.java:37)
	at org.junit.jupiter.engine.execution.InterceptingExecutableInvoker.invoke(InterceptingExecutableInvoker.java:92)
	at org.junit.jupiter.engine.execution.InterceptingExecutableInvoker.invoke(InterceptingExecutableInvoker.java:86)
	at org.junit.jupiter.engine.descriptor.TestMethodTestDescriptor.lambda$invokeTestMethod$7(TestMethodTestDescriptor.java:217)
	at org.junit.platform.engine.support.hierarchical.ThrowableCollector.execute(ThrowableCollector.java:73)
	at org.junit.jupiter.engine.descriptor.TestMethodTestDescriptor.invokeTestMethod(TestMethodTestDescriptor.java:213)
	at org.junit.jupiter.engine.descriptor.TestMethodTestDescriptor.execute(TestMethodTestDescriptor.java:138)
	at org.junit.jupiter.engine.descriptor.TestMethodTestDescriptor.execute(TestMethodTestDescriptor.java:68)
	at org.junit.platform.engine.support.hierarchical.NodeTestTask.lambda$executeRecursively$6(NodeTestTask.java:151)
	at org.junit.platform.engine.support.hierarchical.ThrowableCollector.execute(ThrowableCollector.java:73)
	at org.junit.platform.engine.support.hierarchical.NodeTestTask.lambda$executeRecursively$8(NodeTestTask.java:141)
	at org.junit.platform.engine.support.hierarchical.Node.around(Node.java:137)
	at org.junit.platform.engine.support.hierarchical.NodeTestTask.lambda$executeRecursively$9(NodeTestTask.java:139)
	at org.junit.platform.engine.support.hierarchical.ThrowableCollector.execute(ThrowableCollector.java:73)
	at org.junit.platform.engine.support.hierarchical.NodeTestTask.executeRecursively(NodeTestTask.java:138)
	at org.junit.platform.engine.support.hierarchical.NodeTestTask.execute(NodeTestTask.java:95)
	at java.base/java.util.ArrayList.forEach(ArrayList.java:1511)
	at org.junit.platform.engine.support.hierarchical.SameThreadHierarchicalTestExecutorService.invokeAll(SameThreadHierarchicalTestExecutorService.java:41)
	at org.junit.platform.engine.support.hierarchical.NodeTestTask.lambda$executeRecursively$6(NodeTestTask.java:155)
	at org.junit.platform.engine.support.hierarchical.ThrowableCollector.execute(ThrowableCollector.java:73)
	at org.junit.platform.engine.support.hierarchical.NodeTestTask.lambda$executeRecursively$8(NodeTestTask.java:141)
	at org.junit.platform.engine.support.hierarchical.Node.around(Node.java:137)
	at org.junit.platform.engine.support.hierarchical.NodeTestTask.lambda$executeRecursively$9(NodeTestTask.java:139)
	at org.junit.platform.engine.support.hierarchical.ThrowableCollector.execute(ThrowableCollector.java:73)
	at org.junit.platform.engine.support.hierarchical.NodeTestTask.executeRecursively(NodeTestTask.java:138)
	at org.junit.platform.engine.support.hierarchical.NodeTestTask.execute(NodeTestTask.java:95)
	at java.base/java.util.ArrayList.forEach(ArrayList.java:1511)
	at org.junit.platform.engine.support.hierarchical.SameThreadHierarchicalTestExecutorService.invokeAll(SameThreadHierarchicalTestExecutorService.java:41)
	at org.junit.platform.engine.support.hierarchical.NodeTestTask.lambda$executeRecursively$6(NodeTestTask.java:155)
	at org.junit.platform.engine.support.hierarchical.ThrowableCollector.execute(ThrowableCollector.java:73)
	at org.junit.platform.engine.support.hierarchical.NodeTestTask.lambda$executeRecursively$8(NodeTestTask.java:141)
	at org.junit.platform.engine.support.hierarchical.Node.around(Node.java:137)
	at org.junit.platform.engine.support.hierarchical.NodeTestTask.lambda$executeRecursively$9(NodeTestTask.java:139)
	at org.junit.platform.engine.support.hierarchical.ThrowableCollector.execute(ThrowableCollector.java:73)
	at org.junit.platform.engine.support.hierarchical.NodeTestTask.executeRecursively(NodeTestTask.java:138)
	at org.junit.platform.engine.support.hierarchical.NodeTestTask.execute(NodeTestTask.java:95)
	at org.junit.platform.engine.support.hierarchical.SameThreadHierarchicalTestExecutorService.submit(SameThreadHierarchicalTestExecutorService.java:35)
	at org.junit.platform.engine.support.hierarchical.HierarchicalTestExecutor.execute(HierarchicalTestExecutor.java:57)
	at org.junit.platform.engine.support.hierarchical.HierarchicalTestEngine.execute(HierarchicalTestEngine.java:54)
	at org.junit.platform.launcher.core.EngineExecutionOrchestrator.execute(EngineExecutionOrchestrator.java:147)
	at org.junit.platform.launcher.core.EngineExecutionOrchestrator.execute(EngineExecutionOrchestrator.java:127)
	at org.junit.platform.launcher.core.EngineExecutionOrchestrator.execute(EngineExecutionOrchestrator.java:90)
	at org.junit.platform.launcher.core.EngineExecutionOrchestrator.lambda$execute$0(EngineExecutionOrchestrator.java:55)
	at org.junit.platform.launcher.core.EngineExecutionOrchestrator.withInterceptedStreams(EngineExecutionOrchestrator.java:102)
	at org.junit.platform.launcher.core.EngineExecutionOrchestrator.execute(EngineExecutionOrchestrator.java:54)
	at org.junit.platform.launcher.core.DefaultLauncher.execute(DefaultLauncher.java:114)
	at org.junit.platform.launcher.core.DefaultLauncher.execute(DefaultLauncher.java:86)
	at org.junit.platform.launcher.core.DefaultLauncherSession$DelegatingLauncher.execute(DefaultLauncherSession.java:86)
	at org.apache.maven.surefire.junitplatform.LazyLauncher.execute(LazyLauncher.java:50)
	at org.apache.maven.surefire.junitplatform.JUnitPlatformProvider.execute(JUnitPlatformProvider.java:184)
	at org.apache.maven.surefire.junitplatform.JUnitPlatformProvider.invokeAllTests(JUnitPlatformProvider.java:148)
	at org.apache.maven.surefire.junitplatform.JUnitPlatformProvider.invoke(JUnitPlatformProvider.java:122)
	at org.apache.maven.surefire.booter.ForkedBooter.runSuitesInProcess(ForkedBooter.java:385)
	at org.apache.maven.surefire.booter.ForkedBooter.execute(ForkedBooter.java:162)
	at org.apache.maven.surefire.booter.ForkedBooter.run(ForkedBooter.java:507)
	at org.apache.maven.surefire.booter.ForkedBooter.main(ForkedBooter.java:495)
]]></failure>
    <system-out><![CDATA[2023-08-15 21:39:04,353 JavaFX Application Thread DEBUG Apache Log4j Core 2.19.0 initializing configuration XmlConfiguration[location=jar:file:/C:/Users/septb/.m2/repository/datalife/ds/ds-sqlite/1.0-SNAPSHOT/ds-sqlite-1.0-SNAPSHOT.jar!/log4j2.xml]
2023-08-15 21:39:04,355 JavaFX Application Thread DEBUG PluginManager 'Core' found 130 plugins
2023-08-15 21:39:04,355 JavaFX Application Thread DEBUG PluginManager 'Level' found 0 plugins
2023-08-15 21:39:04,357 JavaFX Application Thread DEBUG PluginManager 'Lookup' found 16 plugins
2023-08-15 21:39:04,358 JavaFX Application Thread DEBUG Building Plugin[name=layout, class=org.apache.logging.log4j.core.layout.PatternLayout].
2023-08-15 21:39:04,363 JavaFX Application Thread DEBUG PluginManager 'TypeConverter' found 26 plugins
2023-08-15 21:39:04,371 JavaFX Application Thread DEBUG PatternLayout$Builder(pattern="%d{yyyy-MM-dd hh:mm:ss} %5p [%c] %m%n", PatternSelector=null, Configuration(jar:file:/C:/Users/septb/.m2/repository/datalife/ds/ds-sqlite/1.0-SNAPSHOT/ds-sqlite-1.0-SNAPSHOT.jar!/log4j2.xml), Replace=null, charset="null", alwaysWriteExceptions="null", disableAnsi="null", noConsoleNoAnsi="null", header="null", footer="null")
2023-08-15 21:39:04,372 JavaFX Application Thread DEBUG PluginManager 'Converter' found 45 plugins
2023-08-15 21:39:04,376 JavaFX Application Thread DEBUG Building Plugin[name=appender, class=org.apache.logging.log4j.core.appender.ConsoleAppender].
2023-08-15 21:39:04,380 JavaFX Application Thread DEBUG ConsoleAppender$Builder(target="SYSTEM_OUT", follow="null", direct="null", bufferedIo="null", bufferSize="null", immediateFlush="null", ignoreExceptions="null", PatternLayout(%d{yyyy-MM-dd hh:mm:ss} %5p [%c] %m%n), name="console", Configuration(jar:file:/C:/Users/septb/.m2/repository/datalife/ds/ds-sqlite/1.0-SNAPSHOT/ds-sqlite-1.0-SNAPSHOT.jar!/log4j2.xml), Filter=null, ={})
2023-08-15 21:39:04,382 JavaFX Application Thread DEBUG Starting OutputStreamManager SYSTEM_OUT.false.false
2023-08-15 21:39:04,382 JavaFX Application Thread DEBUG Building Plugin[name=appenders, class=org.apache.logging.log4j.core.config.AppendersPlugin].
2023-08-15 21:39:04,382 JavaFX Application Thread DEBUG createAppenders(={console})
2023-08-15 21:39:04,383 JavaFX Application Thread DEBUG Building Plugin[name=AppenderRef, class=org.apache.logging.log4j.core.config.AppenderRef].
2023-08-15 21:39:04,384 JavaFX Application Thread DEBUG createAppenderRef(ref="console", level="null", Filter=null)
2023-08-15 21:39:04,385 JavaFX Application Thread DEBUG Building Plugin[name=root, class=org.apache.logging.log4j.core.config.LoggerConfig$RootLogger].
2023-08-15 21:39:04,387 JavaFX Application Thread DEBUG LoggerConfig$RootLogger$Builder(additivity="true", level="INFO", levelAndRefs="null", includeLocation="null", ={console}, ={}, Configuration(jar:file:/C:/Users/septb/.m2/repository/datalife/ds/ds-sqlite/1.0-SNAPSHOT/ds-sqlite-1.0-SNAPSHOT.jar!/log4j2.xml), Filter=null)
2023-08-15 21:39:04,388 JavaFX Application Thread DEBUG Building Plugin[name=loggers, class=org.apache.logging.log4j.core.config.LoggersPlugin].
2023-08-15 21:39:04,389 JavaFX Application Thread DEBUG createLoggers(={root})
2023-08-15 21:39:04,389 JavaFX Application Thread DEBUG Configuration XmlConfiguration[location=jar:file:/C:/Users/septb/.m2/repository/datalife/ds/ds-sqlite/1.0-SNAPSHOT/ds-sqlite-1.0-SNAPSHOT.jar!/log4j2.xml] initialized
2023-08-15 21:39:04,389 JavaFX Application Thread DEBUG Starting configuration XmlConfiguration[location=jar:file:/C:/Users/septb/.m2/repository/datalife/ds/ds-sqlite/1.0-SNAPSHOT/ds-sqlite-1.0-SNAPSHOT.jar!/log4j2.xml]
2023-08-15 21:39:04,389 JavaFX Application Thread DEBUG Started configuration XmlConfiguration[location=jar:file:/C:/Users/septb/.m2/repository/datalife/ds/ds-sqlite/1.0-SNAPSHOT/ds-sqlite-1.0-SNAPSHOT.jar!/log4j2.xml] OK.
2023-08-15 21:39:04,390 JavaFX Application Thread DEBUG Shutting down OutputStreamManager SYSTEM_OUT.false.false-1
2023-08-15 21:39:04,390 JavaFX Application Thread DEBUG OutputStream closed
2023-08-15 21:39:04,390 JavaFX Application Thread DEBUG Shut down OutputStreamManager SYSTEM_OUT.false.false-1, all resources released: true
2023-08-15 21:39:04,390 JavaFX Application Thread DEBUG Appender DefaultConsole-1 stopped with status true
2023-08-15 21:39:04,390 JavaFX Application Thread DEBUG Stopped org.apache.logging.log4j.core.config.DefaultConfiguration@3e2c68e1 OK
2023-08-15 21:39:04,445 JavaFX Application Thread DEBUG Registering MBean org.apache.logging.log4j2:type=64616ca2
2023-08-15 21:39:04,447 JavaFX Application Thread DEBUG Registering MBean org.apache.logging.log4j2:type=64616ca2,component=StatusLogger
2023-08-15 21:39:04,447 JavaFX Application Thread DEBUG Registering MBean org.apache.logging.log4j2:type=64616ca2,component=ContextSelector
2023-08-15 21:39:04,448 JavaFX Application Thread DEBUG Registering MBean org.apache.logging.log4j2:type=64616ca2,component=Loggers,name=
2023-08-15 21:39:04,449 JavaFX Application Thread DEBUG Registering MBean org.apache.logging.log4j2:type=64616ca2,component=Appenders,name=console
2023-08-15 21:39:04,450 JavaFX Application Thread DEBUG org.apache.logging.log4j.core.util.SystemClock supports precise timestamps.
2023-08-15 21:39:04,450 JavaFX Application Thread DEBUG Reconfiguration complete for context[name=64616ca2] at URI jar:file:/C:/Users/septb/.m2/repository/datalife/ds/ds-sqlite/1.0-SNAPSHOT/ds-sqlite-1.0-SNAPSHOT.jar!/log4j2.xml (org.apache.logging.log4j.core.LoggerContext@3a8d1ee9) with optional ClassLoader: null
2023-08-15 21:39:04,450 JavaFX Application Thread DEBUG Shutdown hook enabled. Registering a new one.
2023-08-15 21:39:04,451 JavaFX Application Thread DEBUG LoggerContext[name=64616ca2, org.apache.logging.log4j.core.LoggerContext@3a8d1ee9] started OK.
2023-08-15 09:39:04  INFO [org.jboss.weld.Version] WELD-000900: 5.1.1 (Final)
2023-08-15 09:39:04  INFO [org.jboss.weld.Bootstrap] WELD-ENV-000020: Using jandex for bean discovery
2023-08-15 09:39:07  INFO [org.jboss.weld.Bootstrap] WELD-000101: Transactional services not available. Injection of @Inject UserTransaction not available. Transactional observers will be invoked synchronously.
2023-08-15 09:39:07  INFO [org.jboss.weld.Bootstrap] WELD-ENV-002003: Weld SE container 1e9c6d42-328f-4308-85fb-796e3ee4bd04 initialized
2023-08-15 09:39:07  INFO [org.hibernate.jpa.internal.util.LogHelper] HHH000204: Processing PersistenceUnitInfo [name: AAEHRTEST]
2023-08-15 09:39:07  INFO [org.hibernate.Version] HHH000412: Hibernate ORM core version 6.2.7.Final
2023-08-15 09:39:07  INFO [org.hibernate.cfg.Environment] HHH000406: Using bytecode reflection optimizer
2023-08-15 09:39:07  WARN [org.hibernate.orm.deprecation] HHH90000021: Encountered deprecated setting [javax.persistence.jdbc.user], use [jakarta.persistence.jdbc.user] instead
2023-08-15 09:39:07  WARN [org.hibernate.orm.deprecation] HHH90000021: Encountered deprecated setting [javax.persistence.jdbc.password], use [jakarta.persistence.jdbc.password] instead
2023-08-15 09:39:07  WARN [org.hibernate.orm.deprecation] HHH90000021: Encountered deprecated setting [javax.persistence.jdbc.url], use [jakarta.persistence.jdbc.url] instead
2023-08-15 09:39:07  WARN [org.hibernate.orm.deprecation] HHH90000021: Encountered deprecated setting [javax.persistence.jdbc.driver], use [jakarta.persistence.jdbc.driver] instead
2023-08-15 09:39:08  WARN [org.hibernate.orm.connections.pooling] HHH10001002: Using built-in connection pool (not intended for production use)
2023-08-15 09:39:08  INFO [org.hibernate.orm.connections.pooling] HHH10001005: Loaded JDBC driver class: com.tmax.tibero.jdbc.TbDriver
2023-08-15 09:39:08  INFO [org.hibernate.orm.connections.pooling] HHH10001012: Connecting with JDBC URL [jdbc:tibero:thin:@10.50.145.12:18100:AAEHRTEST]
2023-08-15 09:39:08  INFO [org.hibernate.orm.connections.pooling] HHH10001001: Connection properties: {password=****, includeSynonyms=true, user=k10660}
2023-08-15 09:39:08  INFO [org.hibernate.orm.connections.pooling] HHH10001003: Autocommit mode: false
2023-08-15 09:39:08  INFO [org.hibernate.orm.connections.pooling] HHH10001115: Connection pool size: 20 (min=1)
2023-08-15 09:39:08  WARN [org.hibernate.dialect.Dialect] HHH000511: The 6.0.0 version for [org.hibernate.dialect.OracleDialect] is no longer supported, hence certain features may not work properly. The minimum supported version is 11.2.0. Check the community dialects project for available legacy versions.
2023-08-15 09:39:08  INFO [org.hibernate.orm.beans] HHH10005002: No explicit CDI BeanManager reference was passed to Hibernate, but CDI is available on the Hibernate ClassLoader.
2023-08-15 09:39:11  INFO [org.hibernate.bytecode.internal.BytecodeProviderInitiator] HHH000021: Bytecode provider name : bytebuddy
2023-08-15 09:39:11  INFO [org.hibernate.validator.internal.util.Version] HV000001: Hibernate Validator 8.0.1.Final
2023-08-15 09:39:18  INFO [org.hibernate.engine.transaction.jta.platform.internal.JtaPlatformInitiator] HHH000490: Using JtaPlatform implementation: [org.hibernate.engine.transaction.jta.platform.internal.NoJtaPlatform]
2023-08-15 09:39:18  INFO [org.hibernate.jpa.internal.util.LogHelper] HHH000204: Processing PersistenceUnitInfo [name: LOCAL]
2023-08-15 09:39:18  WARN [org.hibernate.orm.deprecation] HHH90000021: Encountered deprecated setting [javax.persistence.jdbc.user], use [jakarta.persistence.jdbc.user] instead
2023-08-15 09:39:18  WARN [org.hibernate.orm.deprecation] HHH90000021: Encountered deprecated setting [javax.persistence.jdbc.password], use [jakarta.persistence.jdbc.password] instead
2023-08-15 09:39:18  WARN [org.hibernate.orm.deprecation] HHH90000021: Encountered deprecated setting [javax.persistence.jdbc.url], use [jakarta.persistence.jdbc.url] instead
2023-08-15 09:39:18  WARN [org.hibernate.orm.deprecation] HHH90000021: Encountered deprecated setting [javax.persistence.jdbc.driver], use [jakarta.persistence.jdbc.driver] instead
2023-08-15 09:39:18  WARN [org.hibernate.orm.connections.pooling] HHH10001002: Using built-in connection pool (not intended for production use)
2023-08-15 09:39:18  INFO [org.hibernate.orm.connections.pooling] HHH10001005: Loaded JDBC driver class: org.sqlite.JDBC
2023-08-15 09:39:18  INFO [org.hibernate.orm.connections.pooling] HHH10001012: Connecting with JDBC URL [jdbc:sqlite:/DEV/MDS-QUERY/local-db/sqllite-database-test.db]
2023-08-15 09:39:18  INFO [org.hibernate.orm.connections.pooling] HHH10001001: Connection properties: {password=****, user=sa}
2023-08-15 09:39:18  INFO [org.hibernate.orm.connections.pooling] HHH10001003: Autocommit mode: false
2023-08-15 09:39:18  INFO [org.hibernate.orm.connections.pooling] HHH10001115: Connection pool size: 20 (min=1)
2023-08-15 09:39:18  INFO [org.hibernate.bytecode.internal.BytecodeProviderInitiator] HHH000021: Bytecode provider name : bytebuddy
2023-08-15 09:39:18  INFO [org.hibernate.orm.beans] HHH10005002: No explicit CDI BeanManager reference was passed to Hibernate, but CDI is available on the Hibernate ClassLoader.
2023-08-15 09:39:18  INFO [org.hibernate.engine.transaction.jta.platform.internal.JtaPlatformInitiator] HHH000490: Using JtaPlatform implementation: [org.hibernate.engine.transaction.jta.platform.internal.NoJtaPlatform]
2023-08-15 09:39:18  INFO [org.hibernate.jpa.internal.util.LogHelper] HHH000204: Processing PersistenceUnitInfo [name: EHRDEV]
2023-08-15 09:39:18  WARN [org.hibernate.orm.deprecation] HHH90000021: Encountered deprecated setting [javax.persistence.jdbc.user], use [jakarta.persistence.jdbc.user] instead
2023-08-15 09:39:18  WARN [org.hibernate.orm.deprecation] HHH90000021: Encountered deprecated setting [javax.persistence.jdbc.password], use [jakarta.persistence.jdbc.password] instead
2023-08-15 09:39:18  WARN [org.hibernate.orm.deprecation] HHH90000021: Encountered deprecated setting [javax.persistence.jdbc.url], use [jakarta.persistence.jdbc.url] instead
2023-08-15 09:39:18  WARN [org.hibernate.orm.deprecation] HHH90000021: Encountered deprecated setting [javax.persistence.jdbc.driver], use [jakarta.persistence.jdbc.driver] instead
2023-08-15 09:39:19  WARN [org.hibernate.orm.connections.pooling] HHH10001002: Using built-in connection pool (not intended for production use)
2023-08-15 09:39:19  INFO [org.hibernate.orm.connections.pooling] HHH10001005: Loaded JDBC driver class: com.tmax.tibero.jdbc.TbDriver
2023-08-15 09:39:19  INFO [org.hibernate.orm.connections.pooling] HHH10001012: Connecting with JDBC URL [jdbc:tibero:thin:@10.50.115.12:18000:AAEHRDEV]
2023-08-15 09:39:19  INFO [org.hibernate.orm.connections.pooling] HHH10001001: Connection properties: {password=****, includeSynonyms=true, user=sehrdev}
2023-08-15 09:39:19  INFO [org.hibernate.orm.connections.pooling] HHH10001003: Autocommit mode: false
2023-08-15 09:39:19  INFO [org.hibernate.orm.connections.pooling] HHH10001115: Connection pool size: 20 (min=1)
2023-08-15 09:39:19  WARN [org.hibernate.dialect.Dialect] HHH000511: The 6.0.0 version for [org.hibernate.dialect.OracleDialect] is no longer supported, hence certain features may not work properly. The minimum supported version is 11.2.0. Check the community dialects project for available legacy versions.
2023-08-15 09:39:19  INFO [org.hibernate.orm.beans] HHH10005002: No explicit CDI BeanManager reference was passed to Hibernate, but CDI is available on the Hibernate ClassLoader.
2023-08-15 09:39:21  INFO [org.hibernate.bytecode.internal.BytecodeProviderInitiator] HHH000021: Bytecode provider name : bytebuddy
2023-08-15 09:39:27  INFO [org.hibernate.engine.transaction.jta.platform.internal.JtaPlatformInitiator] HHH000490: Using JtaPlatform implementation: [org.hibernate.engine.transaction.jta.platform.internal.NoJtaPlatform]
2023-08-15 09:39:27  INFO [org.hibernate.jpa.internal.util.LogHelper] HHH000204: Processing PersistenceUnitInfo [name: META]
2023-08-15 09:39:27  WARN [org.hibernate.orm.deprecation] HHH90000021: Encountered deprecated setting [javax.persistence.jdbc.user], use [jakarta.persistence.jdbc.user] instead
2023-08-15 09:39:27  WARN [org.hibernate.orm.deprecation] HHH90000021: Encountered deprecated setting [javax.persistence.jdbc.password], use [jakarta.persistence.jdbc.password] instead
2023-08-15 09:39:27  WARN [org.hibernate.orm.deprecation] HHH90000021: Encountered deprecated setting [javax.persistence.jdbc.url], use [jakarta.persistence.jdbc.url] instead
2023-08-15 09:39:27  WARN [org.hibernate.orm.deprecation] HHH90000021: Encountered deprecated setting [javax.persistence.jdbc.driver], use [jakarta.persistence.jdbc.driver] instead
2023-08-15 09:39:27  WARN [org.hibernate.orm.connections.pooling] HHH10001002: Using built-in connection pool (not intended for production use)
2023-08-15 09:39:27  INFO [org.hibernate.orm.connections.pooling] HHH10001005: Loaded JDBC driver class: com.tmax.tibero.jdbc.TbDriver
2023-08-15 09:39:27  INFO [org.hibernate.orm.connections.pooling] HHH10001012: Connecting with JDBC URL [jdbc:tibero:thin:@10.50.115.12:18000:AAEHRDEV]
2023-08-15 09:39:27  INFO [org.hibernate.orm.connections.pooling] HHH10001001: Connection properties: {password=****, includeSynonyms=true, user=metalite}
2023-08-15 09:39:27  INFO [org.hibernate.orm.connections.pooling] HHH10001003: Autocommit mode: false
2023-08-15 09:39:27  INFO [org.hibernate.orm.connections.pooling] HHH10001115: Connection pool size: 20 (min=1)
2023-08-15 09:39:27  WARN [org.hibernate.dialect.Dialect] HHH000511: The 6.0.0 version for [org.hibernate.dialect.OracleDialect] is no longer supported, hence certain features may not work properly. The minimum supported version is 11.2.0. Check the community dialects project for available legacy versions.
2023-08-15 09:39:27  INFO [org.hibernate.orm.beans] HHH10005002: No explicit CDI BeanManager reference was passed to Hibernate, but CDI is available on the Hibernate ClassLoader.
2023-08-15 09:39:27  INFO [org.hibernate.bytecode.internal.BytecodeProviderInitiator] HHH000021: Bytecode provider name : bytebuddy
2023-08-15 09:39:27  INFO [org.hibernate.engine.transaction.jta.platform.internal.JtaPlatformInitiator] HHH000490: Using JtaPlatform implementation: [org.hibernate.engine.transaction.jta.platform.internal.NoJtaPlatform]
2023-08-15 09:39:27  INFO [org.hibernate.jpa.internal.util.LogHelper] HHH000204: Processing PersistenceUnitInfo [name: AAEHRPROD]
2023-08-15 09:39:27  WARN [org.hibernate.orm.deprecation] HHH90000021: Encountered deprecated setting [javax.persistence.jdbc.user], use [jakarta.persistence.jdbc.user] instead
2023-08-15 09:39:27  WARN [org.hibernate.orm.deprecation] HHH90000021: Encountered deprecated setting [javax.persistence.jdbc.password], use [jakarta.persistence.jdbc.password] instead
2023-08-15 09:39:27  WARN [org.hibernate.orm.deprecation] HHH90000021: Encountered deprecated setting [javax.persistence.jdbc.url], use [jakarta.persistence.jdbc.url] instead
2023-08-15 09:39:27  WARN [org.hibernate.orm.deprecation] HHH90000021: Encountered deprecated setting [javax.persistence.jdbc.driver], use [jakarta.persistence.jdbc.driver] instead
2023-08-15 09:39:28  WARN [org.hibernate.orm.connections.pooling] HHH10001002: Using built-in connection pool (not intended for production use)
2023-08-15 09:39:28  INFO [org.hibernate.orm.connections.pooling] HHH10001005: Loaded JDBC driver class: com.tmax.tibero.jdbc.TbDriver
2023-08-15 09:39:28  INFO [org.hibernate.orm.connections.pooling] HHH10001012: Connecting with JDBC URL [jdbc:tibero:thin:@10.40.115.12:18200:AAEHR]
2023-08-15 09:39:28  INFO [org.hibernate.orm.connections.pooling] HHH10001001: Connection properties: {password=****, includeSynonyms=true, user=k10660}
2023-08-15 09:39:28  INFO [org.hibernate.orm.connections.pooling] HHH10001003: Autocommit mode: false
2023-08-15 09:39:28  INFO [org.hibernate.orm.connections.pooling] HHH10001115: Connection pool size: 20 (min=1)
2023-08-15 09:39:28  WARN [org.hibernate.dialect.Dialect] HHH000511: The 6.0.0 version for [org.hibernate.dialect.OracleDialect] is no longer supported, hence certain features may not work properly. The minimum supported version is 11.2.0. Check the community dialects project for available legacy versions.
2023-08-15 09:39:28  INFO [org.hibernate.orm.beans] HHH10005002: No explicit CDI BeanManager reference was passed to Hibernate, but CDI is available on the Hibernate ClassLoader.
2023-08-15 09:39:29  INFO [org.hibernate.bytecode.internal.BytecodeProviderInitiator] HHH000021: Bytecode provider name : bytebuddy
2023-08-15 09:39:35  INFO [org.hibernate.engine.transaction.jta.platform.internal.JtaPlatformInitiator] HHH000490: Using JtaPlatform implementation: [org.hibernate.engine.transaction.jta.platform.internal.NoJtaPlatform]
2023-08-15 09:39:35  INFO [org.jboss.weld.Bootstrap] WELD-ENV-002001: Weld SE container 1e9c6d42-328f-4308-85fb-796e3ee4bd04 shut down
]]></system-out>
    <system-err><![CDATA[SLF4J: Failed to load class "org.slf4j.impl.StaticLoggerBinder".
SLF4J: Defaulting to no-operation (NOP) logger implementation
SLF4J: See http://www.slf4j.org/codes.html#StaticLoggerBinder for further details.
]]></system-err>
  </testcase>
</testsuite>